  Equation:     F*dc/dt = T*c + g

  Length of domain:       20.00000

  Number of targets:   10

  Targets type: Cells

  Boundary conditions:          Robin inflow, Neumann homogeneous outflow

  Scheme:          IFD

  Time step:    1.00000E-01

  Final time:    1.00000E-01

  Number of time steps:         1

  Integration method:          Euler explicit

  Linear system:     A*c^(k+1) = B*c^k + f

  Properties:

          Porosity:

                        5.00000E-01
                        5.00000E-01
                        5.00000E-01
                        5.00000E-01
                        5.00000E-01
                        5.00000E-01
                        5.00000E-01
                        5.00000E-01
                        5.00000E-01
                        5.00000E-01

          Flux:

                        1.59155E+00
                        1.24407E+00
                        1.05560E+00
                        9.33005E-01
                        8.45126E-01
                        7.78164E-01
                        7.24952E-01
                        6.81349E-01
                        6.44772E-01
                        6.13516E-01
                        5.86406E-01
          Dispersion:

                        7.95775E-01
                        6.22037E-01
                        5.27798E-01
                        4.66503E-01
                        4.22563E-01
                        3.89082E-01
                        3.62476E-01
                        3.40674E-01
                        3.22386E-01
                        3.06758E-01

  Matrix A:

                         1.00000       -0.00000
         -0.00000        1.00000       -0.00000
         -0.00000        1.00000       -0.00000
         -0.00000        1.00000       -0.00000
         -0.00000        1.00000       -0.00000
         -0.00000        1.00000       -0.00000
         -0.00000        1.00000       -0.00000
         -0.00000        1.00000       -0.00000
         -0.00000        1.00000       -0.00000
         -0.00000        1.00000


  Matrix B:

                         1.00000        1.86167
          2.58823       -3.59087        2.00264
          2.96364       -4.27093        2.30729
          3.27750       -4.85541        2.57790
          3.55481       -5.38000        2.82519
          3.80675       -5.86145        3.05470
          4.03959       -6.30954        3.26995
          4.25729       -6.73066        3.47337
          4.46257       -7.12933        3.66676
         10.17408        1.00000


  Vector f:

          0.00000
          0.00000
          0.00000
          0.00000
          0.00000
          0.00000
          0.00000
          0.00000
          0.00000
          0.00000

  Cell         0.00000E+00         1.00000E-01
     1             0.00000             0.00000
     2             0.00000             0.00000
     3             0.00000             0.00000
     4             0.00000             0.00000
     5             0.00000             0.00000
     6             0.00000             0.00000
     7             0.00000             0.00000
     8             0.00000             0.00000
     9             0.00000             0.00000
    10             0.00000             0.00000
